<?xml version="1.0" encoding="UTF-8"?>
<!-- Generated by org.testng.reporters.JUnitReportReporter -->
<testsuite hostname="Sanghamitras-MacBook-Pro.local" failures="0" tests="1" name="com.backend.tests.IntegrationTests" time="3.829" errors="0" timestamp="2022-05-28T19:57:17 IST" skipped="0">
  <testcase classname="com.backend.tests.IntegrationTests" name="GetBooksDetails" time="3.829"/>
  <system-out/>
</testsuite> <!-- com.backend.tests.IntegrationTests -->
